

Version:	3.14
CmdLine:	C:\Users\MASZA\OneDrive\เอกสาร\NetBeansProjects\ProgramFinal\Salary.exe --l4j-debug
WOW64:		yes
Working dir:	C:\Users\MASZA\OneDrive\เอกสาร\NetBeansProjects\ProgramFinal\.
Java min ver:	1.008.000_291
Java max ver:	
Bundled JRE(s):	C:\Users\MASZA\OneDrive\??????\NetBeansProjects\ProgramFinal
Check launcher:	C:\Users\MASZA\OneDrive\??????\NetBeansProjects\ProgramFinal\bin\javaw.exe (not found)
64-bit search:	SOFTWARE\JavaSoft\Java Runtime Environment...
Check:		SOFTWARE\JavaSoft\Java Runtime Environment\1.8
Ignore:		1.008.000
Check:		SOFTWARE\JavaSoft\Java Runtime Environment\1.8.0_291
Check launcher:	C:\Program Files\Java\jre1.8.0_291\bin\javaw.exe (OK)
Match:		1.008.000_291
64-bit search:	SOFTWARE\JavaSoft\Java Development Kit...
Check:		SOFTWARE\JavaSoft\Java Development Kit\1.8
Ignore:		1.008.000
Check:		SOFTWARE\JavaSoft\Java Development Kit\1.8.0_111
Ignore:		1.008.000_111
64-bit search:	SOFTWARE\JavaSoft\JRE...
64-bit search:	SOFTWARE\JavaSoft\JDK...
Check:		SOFTWARE\JavaSoft\JDK\15.0.1
Check launcher:	C:\Program Files\Java\jdk-15.0.1\bin\javaw.exe (OK)
Match:		1.015.000_001
Check:		SOFTWARE\JavaSoft\JDK\15.0.2
Check launcher:	C:\Program Files\Java\jdk-15.0.2\bin\javaw.exe (OK)
Match:		1.015.000_002
Runtime used:	1.015.000_002 (64-bit)
Launcher:	C:\Program Files\Java\jdk-15.0.2\bin\javaw.exe
Launcher args:	-jar "C:\Users\MASZA\OneDrive\เอกสาร\NetBeansProjects\ProgramFinal\Salary.exe"
Args length:	78/32768 chars
Exit code:	0


Version:	3.14
CmdLine:	C:\Users\MASZA\OneDrive\เอกสาร\NetBeansProjects\ProgramFinal\Salary.exe --l4j-debug
WOW64:		yes
Working dir:	C:\Users\MASZA\OneDrive\เอกสาร\NetBeansProjects\ProgramFinal\.
Java min ver:	1.008.000_291
Java max ver:	
Bundled JRE(s):	C:\Users\MASZA\OneDrive\??????\NetBeansProjects\ProgramFinal
Check launcher:	C:\Users\MASZA\OneDrive\??????\NetBeansProjects\ProgramFinal\bin\javaw.exe (not found)
64-bit search:	SOFTWARE\JavaSoft\Java Runtime Environment...
Check:		SOFTWARE\JavaSoft\Java Runtime Environment\1.8
Ignore:		1.008.000
Check:		SOFTWARE\JavaSoft\Java Runtime Environment\1.8.0_291
Check launcher:	C:\Program Files\Java\jre1.8.0_291\bin\javaw.exe (OK)
Match:		1.008.000_291
64-bit search:	SOFTWARE\JavaSoft\Java Development Kit...
Check:		SOFTWARE\JavaSoft\Java Development Kit\1.8
Ignore:		1.008.000
Check:		SOFTWARE\JavaSoft\Java Development Kit\1.8.0_111
Ignore:		1.008.000_111
64-bit search:	SOFTWARE\JavaSoft\JRE...
64-bit search:	SOFTWARE\JavaSoft\JDK...
Check:		SOFTWARE\JavaSoft\JDK\15.0.1
Check launcher:	C:\Program Files\Java\jdk-15.0.1\bin\javaw.exe (OK)
Match:		1.015.000_001
Check:		SOFTWARE\JavaSoft\JDK\15.0.2
Check launcher:	C:\Program Files\Java\jdk-15.0.2\bin\javaw.exe (OK)
Match:		1.015.000_002
Runtime used:	1.015.000_002 (64-bit)
Launcher:	C:\Program Files\Java\jdk-15.0.2\bin\javaw.exe
Launcher args:	-jar "C:\Users\MASZA\OneDrive\เอกสาร\NetBeansProjects\ProgramFinal\Salary.exe"
Args length:	78/32768 chars
Exit code:	0


Version:	3.14
CmdLine:	C:\Users\MASZA\OneDrive\เอกสาร\NetBeansProjects\ProgramFinal\Salary.exe --l4j-debug
WOW64:		yes
Working dir:	C:\Users\MASZA\OneDrive\เอกสาร\NetBeansProjects\ProgramFinal\.
Java min ver:	1.008.000_291
Java max ver:	
Bundled JRE(s):	C:\Users\MASZA\OneDrive\??????\NetBeansProjects\ProgramFinal
Check launcher:	C:\Users\MASZA\OneDrive\??????\NetBeansProjects\ProgramFinal\bin\javaw.exe (not found)
64-bit search:	SOFTWARE\JavaSoft\Java Runtime Environment...
Check:		SOFTWARE\JavaSoft\Java Runtime Environment\1.8
Ignore:		1.008.000
Check:		SOFTWARE\JavaSoft\Java Runtime Environment\1.8.0_291
Check launcher:	C:\Program Files\Java\jre1.8.0_291\bin\javaw.exe (OK)
Match:		1.008.000_291
64-bit search:	SOFTWARE\JavaSoft\Java Development Kit...
Check:		SOFTWARE\JavaSoft\Java Development Kit\1.8
Ignore:		1.008.000
Check:		SOFTWARE\JavaSoft\Java Development Kit\1.8.0_111
Ignore:		1.008.000_111
64-bit search:	SOFTWARE\JavaSoft\JRE...
64-bit search:	SOFTWARE\JavaSoft\JDK...
Check:		SOFTWARE\JavaSoft\JDK\15.0.1
Check launcher:	C:\Program Files\Java\jdk-15.0.1\bin\javaw.exe (OK)
Match:		1.015.000_001
Check:		SOFTWARE\JavaSoft\JDK\15.0.2
Check launcher:	C:\Program Files\Java\jdk-15.0.2\bin\javaw.exe (OK)
Match:		1.015.000_002
Runtime used:	1.015.000_002 (64-bit)
Launcher:	C:\Program Files\Java\jdk-15.0.2\bin\javaw.exe
Launcher args:	-jar "C:\Users\MASZA\OneDrive\เอกสาร\NetBeansProjects\ProgramFinal\Salary.exe"
Args length:	78/32768 chars
Exit code:	0
